[debug] [2025-11-24T17:14:18.288Z] ----------------------------------------------------------------------
[debug] [2025-11-24T17:14:18.290Z] Command:       C:\Program Files\nodejs\node.exe C:\Users\user\AppData\Roaming\npm\node_modules\firebase-tools\lib\bin\firebase.js init
[debug] [2025-11-24T17:14:18.290Z] CLI Version:   14.26.0
[debug] [2025-11-24T17:14:18.290Z] Platform:      win32
[debug] [2025-11-24T17:14:18.290Z] Node Version:  v24.11.0
[debug] [2025-11-24T17:14:18.290Z] Time:          Mon Nov 24 2025 20:14:18 GMT+0300 (Arabian Standard Time)
[debug] [2025-11-24T17:14:18.290Z] ----------------------------------------------------------------------
[debug] 
[info] 
     ######## #### ########  ######## ########     ###     ######  ########
     ##        ##  ##     ## ##       ##     ##  ##   ##  ##       ##
     ######    ##  ########  ######   ########  #########  ######  ######
     ##        ##  ##    ##  ##       ##     ## ##     ##       ## ##
     ##       #### ##     ## ######## ########  ##     ##  ######  ########

You're about to initialize a Firebase project in this directory:

  C:\Users\user\Downloads\ethraa website

Before we get started, keep in mind:

  * You are initializing within an existing Firebase project directory

[info] 
=== Project Setup
[info] 
[info] First, let's associate this project directory with a Firebase project.
[info] You can create multiple project aliases by running firebase use --add, 
[info] 
[debug] [2025-11-24T17:15:25.289Z] > command requires scopes: ["email","openid","https://www.googleapis.com/auth/cloudplatformprojects.readonly","https://www.googleapis.com/auth/firebase","https://www.googleapis.com/auth/cloud-platform"]
[debug] [2025-11-24T17:15:25.289Z] > authorizing via signed-in user (f.turjman@ethraco.com)
[debug] [2025-11-24T17:15:25.290Z] Checked if tokens are valid: true, expires at: 1764008035138
[debug] [2025-11-24T17:15:25.290Z] Checked if tokens are valid: true, expires at: 1764008035138
[debug] [2025-11-24T17:15:25.291Z] >>> [apiv2][query] GET https://firebase.googleapis.com/v1beta1/projects pageSize=100
[debug] [2025-11-24T17:15:26.337Z] <<< [apiv2][status] GET https://firebase.googleapis.com/v1beta1/projects 200
[debug] [2025-11-24T17:15:26.337Z] <<< [apiv2][body] GET https://firebase.googleapis.com/v1beta1/projects [omitted]
[info] 
=== Hosting Setup
[debug] [2025-11-24T17:15:29.763Z] Checked if tokens are valid: true, expires at: 1764008035138
[debug] [2025-11-24T17:15:29.763Z] Checked if tokens are valid: true, expires at: 1764008035138
[debug] [2025-11-24T17:15:29.763Z] >>> [apiv2][query] GET https://firebase.googleapis.com/v1beta1/projects/ethraaco-8d34d [none]
[debug] [2025-11-24T17:15:30.167Z] <<< [apiv2][status] GET https://firebase.googleapis.com/v1beta1/projects/ethraaco-8d34d 200
[debug] [2025-11-24T17:15:30.167Z] <<< [apiv2][body] GET https://firebase.googleapis.com/v1beta1/projects/ethraaco-8d34d {"projectId":"ethraaco-8d34d","projectNumber":"734166100228","displayName":"ethraaco","name":"projects/ethraaco-8d34d","resources":{"hostingSite":"ethraaco-8d34d"},"state":"ACTIVE","etag":"1_567d927c-3596-4f4b-b1fd-021b45eb6086"}
[info] 
[info] Your public directory is the folder (relative to your project directory) that
[info] will contain Hosting assets to be uploaded with firebase deploy. If you
[info] have a build process for your assets, use your build's output directory.
[info] 
[info] 
[info] i  Didn't detect a .git folder. Assuming C:\Users\user\Downloads\ethraa website is the project root. 
[info] i  Authorizing with GitHub to upload your service account to a GitHub repository's secrets store. 
[info] 
[info] Visit this URL on this device to log in:
[info] https://github.com/login/oauth/authorize?client_id=89cf50f02ac6aaed3484&state=790885636&redirect_uri=http%3A%2F%2Flocalhost%3A9005&scope=read%3Auser%20repo%20public_repo
[info] 
[info] Waiting for authentication...
[debug] [2025-11-24T17:36:01.237Z] >>> [apiv2][query] POST https://github.com/login/oauth/access_token [none]
[debug] [2025-11-24T17:36:01.238Z] >>> [apiv2][body] POST https://github.com/login/oauth/access_token [stream]
[debug] [2025-11-24T17:36:01.654Z] <<< [apiv2][status] POST https://github.com/login/oauth/access_token 200
[debug] [2025-11-24T17:36:01.655Z] <<< [apiv2][body] POST https://github.com/login/oauth/access_token {"access_token":"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","token_type":"bearer","scope":"read:user,repo"}
[debug] [2025-11-24T17:36:01.658Z] >>> [apiv2][query] GET https://api.github.com/user [none]
[debug] [2025-11-24T17:36:02.342Z] <<< [apiv2][status] GET https://api.github.com/user 200
[debug] [2025-11-24T17:36:02.342Z] <<< [apiv2][body] GET https://api.github.com/user {"login":"fadyturjman","id":245924260,"node_id":"U_kgDODqiBpA","avatar_url":"https://avatars.githubusercontent.com/u/245924260?v=4","gravatar_id":"","url":"https://api.github.com/users/fadyturjman","html_url":"https://github.com/fadyturjman","followers_url":"https://api.github.com/users/fadyturjman/followers","following_url":"https://api.github.com/users/fadyturjman/following{/other_user}","gists_url":"https://api.github.com/users/fadyturjman/gists{/gist_id}","starred_url":"https://api.github.com/users/fadyturjman/starred{/owner}{/repo}","subscriptions_url":"https://api.github.com/users/fadyturjman/subscriptions","organizations_url":"https://api.github.com/users/fadyturjman/orgs","repos_url":"https://api.github.com/users/fadyturjman/repos","events_url":"https://api.github.com/users/fadyturjman/events{/privacy}","received_events_url":"https://api.github.com/users/fadyturjman/received_events","type":"User","user_view_type":"private","site_admin":false,"name":null,"company":null,"blog":"","location":null,"email":null,"hireable":null,"bio":null,"twitter_username":null,"notification_email":null,"public_repos":0,"public_gists":0,"followers":0,"following":0,"created_at":"2025-11-24T17:35:54Z","updated_at":"2025-11-24T17:35:54Z","private_gists":0,"total_private_repos":0,"owned_private_repos":0,"disk_usage":0,"collaborators":0,"two_factor_authentication":false,"plan":{"name":"free","space":976562499,"collaborators":0,"private_repos":10000}}
[info] 
[info] +  Success! Logged into GitHub as fadyturjman 
[info] 
[debug] [2025-11-24T17:36:49.031Z] >>> [apiv2][query] GET https://api.github.com/repos/ethraco/actions/secrets/public-key type=owner
[debug] [2025-11-24T17:36:49.532Z] <<< [apiv2][status] GET https://api.github.com/repos/ethraco/actions/secrets/public-key 404
[debug] [2025-11-24T17:36:49.532Z] <<< [apiv2][body] GET https://api.github.com/repos/ethraco/actions/secrets/public-key {"message":"Not Found","documentation_url":"https://docs.github.com/rest","status":"404"}
[info] 
[info] 
[error] !  The provided authorization cannot be used with this repository. If this repository is in an organization, did you remember to grant access? 
[info] 
[info] i  Action required: Visit this URL to ensure access has been granted to the appropriate organization(s) for the Firebase CLI GitHub OAuth App: 
[info] https://github.com/settings/connections/applications/89cf50f02ac6aaed3484
[info] 
[debug] [2025-11-24T17:45:03.462Z] >>> [apiv2][query] GET https://api.github.com/repos//actions/secrets/public-key type=owner
[debug] [2025-11-24T17:45:07.411Z] <<< [apiv2][status] GET https://api.github.com/repos//actions/secrets/public-key 404
[debug] [2025-11-24T17:45:07.411Z] <<< [apiv2][body] GET https://api.github.com/repos//actions/secrets/public-key {"message":"Not Found","documentation_url":"https://docs.github.com/rest","status":"404"}
[info] 
[info] 
[error] !  The provided authorization cannot be used with this repository. If this repository is in an organization, did you remember to grant access? 
[info] 
[info] i  Action required: Visit this URL to ensure access has been granted to the appropriate organization(s) for the Firebase CLI GitHub OAuth App: 
[info] https://github.com/settings/connections/applications/89cf50f02ac6aaed3484
[info] 
[debug] [2025-11-24T17:45:37.468Z] >>> [apiv2][query] GET https://api.github.com/repos/firebase doply/actions/secrets/public-key type=owner
[debug] [2025-11-24T17:45:46.071Z] <<< [apiv2][status] GET https://api.github.com/repos/firebase doply/actions/secrets/public-key 404
[debug] [2025-11-24T17:45:46.071Z] <<< [apiv2][body] GET https://api.github.com/repos/firebase doply/actions/secrets/public-key {"message":"Not Found","documentation_url":"https://docs.github.com/rest","status":"404"}
[info] 
[info] 
[error] !  The provided authorization cannot be used with this repository. If this repository is in an organization, did you remember to grant access? 
[info] 
[info] i  Action required: Visit this URL to ensure access has been granted to the appropriate organization(s) for the Firebase CLI GitHub OAuth App: 
[info] https://github.com/settings/connections/applications/89cf50f02ac6aaed3484
[info] 
